mode: atomic
FreeBSD-Command-manager/internal/output.go:11.37,14.41 3 0
FreeBSD-Command-manager/internal/output.go:14.41,17.3 2 0
FreeBSD-Command-manager/internal/output.go:18.2,18.12 1 0
FreeBSD-Command-manager/main.go:17.13,19.2 1 0
FreeBSD-Command-manager/cmd/cmd.go:18.33,23.38 5 0
FreeBSD-Command-manager/cmd/cmd.go:23.38,26.3 2 0
FreeBSD-Command-manager/cmd/jail.go:22.47,33.17 4 0
FreeBSD-Command-manager/cmd/jail.go:33.17,36.17 1 0
FreeBSD-Command-manager/cmd/jail.go:36.17,39.5 2 0
FreeBSD-Command-manager/cmd/jail.go:40.4,40.10 1 0
FreeBSD-Command-manager/cmd/jail.go:42.3,47.16 1 0
FreeBSD-Command-manager/cmd/jail.go:47.16,50.4 2 0
FreeBSD-Command-manager/cmd/jail.go:57.47,60.49 2 0
FreeBSD-Command-manager/cmd/jail.go:60.49,63.17 1 0
FreeBSD-Command-manager/cmd/jail.go:63.17,66.5 2 0
FreeBSD-Command-manager/cmd/jail.go:67.4,67.10 1 0
FreeBSD-Command-manager/cmd/jail.go:70.3,73.18 1 0
FreeBSD-Command-manager/cmd/jail.go:73.18,76.4 2 0
FreeBSD-Command-manager/cmd/jail.go:83.47,86.48 2 0
FreeBSD-Command-manager/cmd/jail.go:86.48,89.17 1 0
FreeBSD-Command-manager/cmd/jail.go:89.17,92.5 2 0
FreeBSD-Command-manager/cmd/jail.go:93.4,93.10 1 0
FreeBSD-Command-manager/cmd/jail.go:96.3,99.18 1 0
FreeBSD-Command-manager/cmd/jail.go:99.18,102.4 2 0
FreeBSD-Command-manager/cmd/jail.go:109.47,112.51 2 0
FreeBSD-Command-manager/cmd/jail.go:112.51,115.17 1 0
FreeBSD-Command-manager/cmd/jail.go:115.17,118.5 2 0
FreeBSD-Command-manager/cmd/jail.go:119.4,119.10 1 0
FreeBSD-Command-manager/cmd/jail.go:122.3,125.18 1 0
FreeBSD-Command-manager/cmd/jail.go:125.18,128.4 2 0
FreeBSD-Command-manager/cmd/jail.go:135.47,139.17 3 0
FreeBSD-Command-manager/cmd/jail.go:139.17,142.17 1 0
FreeBSD-Command-manager/cmd/jail.go:142.17,145.5 2 0
FreeBSD-Command-manager/cmd/jail.go:146.4,146.10 1 0
FreeBSD-Command-manager/cmd/jail.go:149.3,152.18 1 0
FreeBSD-Command-manager/cmd/jail.go:152.18,155.4 2 0
FreeBSD-Command-manager/cmd/jail.go:162.47,166.17 3 0
FreeBSD-Command-manager/cmd/jail.go:166.17,169.17 1 0
FreeBSD-Command-manager/cmd/jail.go:169.17,172.5 2 0
FreeBSD-Command-manager/cmd/jail.go:173.4,173.10 1 0
FreeBSD-Command-manager/cmd/jail.go:176.3,178.18 1 0
FreeBSD-Command-manager/cmd/jail.go:178.18,181.4 2 0
FreeBSD-Command-manager/cmd/jail.go:185.13,192.63 5 0
FreeBSD-Command-manager/cmd/jail.go:192.63,195.3 2 0
FreeBSD-Command-manager/cmd/jail.go:196.2,196.63 1 0
FreeBSD-Command-manager/cmd/jail.go:196.63,199.3 2 0
FreeBSD-Command-manager/cmd/jail.go:200.2,200.61 1 0
FreeBSD-Command-manager/cmd/jail.go:200.61,203.3 2 0
FreeBSD-Command-manager/cmd/jail.go:206.2,208.62 2 0
FreeBSD-Command-manager/cmd/jail.go:208.62,211.3 2 0
FreeBSD-Command-manager/cmd/jail.go:214.2,216.61 2 0
FreeBSD-Command-manager/cmd/jail.go:216.61,219.3 2 0
FreeBSD-Command-manager/cmd/jail.go:222.2,224.64 2 0
FreeBSD-Command-manager/cmd/jail.go:224.64,227.3 2 0
FreeBSD-Command-manager/cmd/jail.go:229.2,231.61 2 0
FreeBSD-Command-manager/cmd/jail.go:231.61,234.3 2 0
FreeBSD-Command-manager/cmd/jail.go:236.2,243.25 7 0
FreeBSD-Command-manager/cmd/network.go:54.47,56.57 2 0
FreeBSD-Command-manager/cmd/network.go:56.57,57.84 1 0
FreeBSD-Command-manager/cmd/network.go:57.84,60.5 2 0
FreeBSD-Command-manager/cmd/network.go:61.4,61.10 1 0
FreeBSD-Command-manager/cmd/network.go:63.3,63.107 1 0
FreeBSD-Command-manager/cmd/network.go:63.107,66.4 2 0
FreeBSD-Command-manager/cmd/network.go:73.47,75.63 2 0
FreeBSD-Command-manager/cmd/network.go:75.63,76.84 1 0
FreeBSD-Command-manager/cmd/network.go:76.84,79.5 2 0
FreeBSD-Command-manager/cmd/network.go:80.4,80.10 1 0
FreeBSD-Command-manager/cmd/network.go:82.3,82.113 1 0
FreeBSD-Command-manager/cmd/network.go:82.113,85.4 2 0
FreeBSD-Command-manager/cmd/network.go:93.47,95.58 2 0
FreeBSD-Command-manager/cmd/network.go:95.58,96.84 1 0
FreeBSD-Command-manager/cmd/network.go:96.84,99.5 2 0
FreeBSD-Command-manager/cmd/network.go:100.4,100.10 1 0
FreeBSD-Command-manager/cmd/network.go:102.3,102.108 1 0
FreeBSD-Command-manager/cmd/network.go:102.108,105.4 2 0
FreeBSD-Command-manager/cmd/network.go:112.47,114.61 2 0
FreeBSD-Command-manager/cmd/network.go:114.61,115.84 1 0
FreeBSD-Command-manager/cmd/network.go:115.84,118.5 2 0
FreeBSD-Command-manager/cmd/network.go:119.4,119.10 1 0
FreeBSD-Command-manager/cmd/network.go:121.3,121.111 1 0
FreeBSD-Command-manager/cmd/network.go:121.111,124.4 2 0
FreeBSD-Command-manager/cmd/network.go:131.47,133.97 2 0
FreeBSD-Command-manager/cmd/network.go:133.97,134.84 1 0
FreeBSD-Command-manager/cmd/network.go:134.84,137.5 2 0
FreeBSD-Command-manager/cmd/network.go:138.4,138.10 1 0
FreeBSD-Command-manager/cmd/network.go:140.3,140.150 1 0
FreeBSD-Command-manager/cmd/network.go:140.150,143.4 2 0
FreeBSD-Command-manager/cmd/network.go:150.47,152.105 2 0
FreeBSD-Command-manager/cmd/network.go:152.105,153.84 1 0
FreeBSD-Command-manager/cmd/network.go:153.84,156.5 2 0
FreeBSD-Command-manager/cmd/network.go:157.4,157.10 1 0
FreeBSD-Command-manager/cmd/network.go:159.3,159.155 1 0
FreeBSD-Command-manager/cmd/network.go:159.155,162.4 2 0
FreeBSD-Command-manager/cmd/network.go:170.47,172.74 2 0
FreeBSD-Command-manager/cmd/network.go:172.74,173.84 1 0
FreeBSD-Command-manager/cmd/network.go:173.84,176.5 2 0
FreeBSD-Command-manager/cmd/network.go:177.4,177.10 1 0
FreeBSD-Command-manager/cmd/network.go:179.3,179.145 1 0
FreeBSD-Command-manager/cmd/network.go:179.145,182.4 2 0
FreeBSD-Command-manager/cmd/network.go:189.47,191.57 2 0
FreeBSD-Command-manager/cmd/network.go:191.57,192.84 1 0
FreeBSD-Command-manager/cmd/network.go:192.84,195.5 2 0
FreeBSD-Command-manager/cmd/network.go:196.4,196.10 1 0
FreeBSD-Command-manager/cmd/network.go:198.3,198.107 1 0
FreeBSD-Command-manager/cmd/network.go:198.107,201.4 2 0
FreeBSD-Command-manager/cmd/network.go:209.47,211.73 2 0
FreeBSD-Command-manager/cmd/network.go:211.73,212.84 1 0
FreeBSD-Command-manager/cmd/network.go:212.84,215.5 2 0
FreeBSD-Command-manager/cmd/network.go:216.4,216.10 1 0
FreeBSD-Command-manager/cmd/network.go:218.3,218.142 1 0
FreeBSD-Command-manager/cmd/network.go:218.142,221.4 2 0
FreeBSD-Command-manager/cmd/network.go:228.47,230.55 2 0
FreeBSD-Command-manager/cmd/network.go:230.55,231.84 1 0
FreeBSD-Command-manager/cmd/network.go:231.84,234.5 2 0
FreeBSD-Command-manager/cmd/network.go:235.4,235.10 1 0
FreeBSD-Command-manager/cmd/network.go:237.3,237.105 1 0
FreeBSD-Command-manager/cmd/network.go:237.105,240.4 2 0
FreeBSD-Command-manager/cmd/network.go:248.47,250.112 2 0
FreeBSD-Command-manager/cmd/network.go:250.112,251.84 1 0
FreeBSD-Command-manager/cmd/network.go:251.84,254.5 2 0
FreeBSD-Command-manager/cmd/network.go:255.4,255.10 1 0
FreeBSD-Command-manager/cmd/network.go:257.3,257.204 1 0
FreeBSD-Command-manager/cmd/network.go:257.204,260.4 2 0
FreeBSD-Command-manager/cmd/network.go:267.47,269.59 2 0
FreeBSD-Command-manager/cmd/network.go:269.59,270.84 1 0
FreeBSD-Command-manager/cmd/network.go:270.84,273.5 2 0
FreeBSD-Command-manager/cmd/network.go:274.4,274.10 1 0
FreeBSD-Command-manager/cmd/network.go:276.3,276.109 1 0
FreeBSD-Command-manager/cmd/network.go:276.109,279.4 2 0
FreeBSD-Command-manager/cmd/network.go:286.47,289.17 3 0
FreeBSD-Command-manager/cmd/network.go:289.17,290.84 1 0
FreeBSD-Command-manager/cmd/network.go:290.84,293.5 2 0
FreeBSD-Command-manager/cmd/network.go:294.4,294.10 1 0
FreeBSD-Command-manager/cmd/network.go:296.3,296.117 1 0
FreeBSD-Command-manager/cmd/network.go:296.117,299.4 2 0
FreeBSD-Command-manager/cmd/network.go:306.47,309.17 3 0
FreeBSD-Command-manager/cmd/network.go:309.17,310.84 1 0
FreeBSD-Command-manager/cmd/network.go:310.84,313.5 2 0
FreeBSD-Command-manager/cmd/network.go:314.4,314.10 1 0
FreeBSD-Command-manager/cmd/network.go:316.3,316.89 1 0
FreeBSD-Command-manager/cmd/network.go:316.89,319.4 2 0
FreeBSD-Command-manager/cmd/network.go:323.13,327.58 3 0
FreeBSD-Command-manager/cmd/network.go:327.58,330.3 2 0
FreeBSD-Command-manager/cmd/network.go:332.2,334.61 3 0
FreeBSD-Command-manager/cmd/network.go:334.61,337.3 2 0
FreeBSD-Command-manager/cmd/network.go:340.2,342.59 3 0
FreeBSD-Command-manager/cmd/network.go:342.59,345.3 2 0
FreeBSD-Command-manager/cmd/network.go:347.2,349.62 3 0
FreeBSD-Command-manager/cmd/network.go:349.62,352.3 2 0
FreeBSD-Command-manager/cmd/network.go:354.2,357.75 4 0
FreeBSD-Command-manager/cmd/network.go:357.75,360.3 2 0
FreeBSD-Command-manager/cmd/network.go:361.2,361.78 1 0
FreeBSD-Command-manager/cmd/network.go:361.78,364.3 2 0
FreeBSD-Command-manager/cmd/network.go:366.2,369.80 4 0
FreeBSD-Command-manager/cmd/network.go:369.80,372.3 2 0
FreeBSD-Command-manager/cmd/network.go:373.2,373.83 1 0
FreeBSD-Command-manager/cmd/network.go:373.83,376.3 2 0
FreeBSD-Command-manager/cmd/network.go:379.2,383.57 5 0
FreeBSD-Command-manager/cmd/network.go:383.57,386.3 2 0
FreeBSD-Command-manager/cmd/network.go:387.2,387.59 1 0
FreeBSD-Command-manager/cmd/network.go:387.59,390.3 2 0
FreeBSD-Command-manager/cmd/network.go:391.2,391.55 1 0
FreeBSD-Command-manager/cmd/network.go:391.55,394.3 2 0
FreeBSD-Command-manager/cmd/network.go:396.2,398.60 3 0
FreeBSD-Command-manager/cmd/network.go:398.60,401.3 2 0
FreeBSD-Command-manager/cmd/network.go:404.2,408.56 5 0
FreeBSD-Command-manager/cmd/network.go:408.56,411.3 2 0
FreeBSD-Command-manager/cmd/network.go:412.2,412.57 1 0
FreeBSD-Command-manager/cmd/network.go:412.57,415.3 2 0
FreeBSD-Command-manager/cmd/network.go:416.2,416.58 1 0
FreeBSD-Command-manager/cmd/network.go:416.58,419.3 2 0
FreeBSD-Command-manager/cmd/network.go:421.2,423.59 3 0
FreeBSD-Command-manager/cmd/network.go:423.59,426.3 2 0
FreeBSD-Command-manager/cmd/network.go:429.2,436.58 8 0
FreeBSD-Command-manager/cmd/network.go:436.58,439.3 2 0
FreeBSD-Command-manager/cmd/network.go:440.2,440.59 1 0
FreeBSD-Command-manager/cmd/network.go:440.59,443.3 2 0
FreeBSD-Command-manager/cmd/network.go:444.2,444.60 1 0
FreeBSD-Command-manager/cmd/network.go:444.60,447.3 2 0
FreeBSD-Command-manager/cmd/network.go:448.2,448.57 1 0
FreeBSD-Command-manager/cmd/network.go:448.57,451.3 2 0
FreeBSD-Command-manager/cmd/network.go:453.2,455.61 3 0
FreeBSD-Command-manager/cmd/network.go:455.61,458.3 2 0
FreeBSD-Command-manager/cmd/network.go:461.2,465.64 4 0
FreeBSD-Command-manager/cmd/network.go:465.64,468.3 2 0
FreeBSD-Command-manager/cmd/network.go:470.2,472.28 2 0
FreeBSD-Command-manager/cmd/route.go:28.47,29.38 1 0
FreeBSD-Command-manager/cmd/route.go:29.38,30.102 1 0
FreeBSD-Command-manager/cmd/route.go:30.102,33.5 2 0
FreeBSD-Command-manager/cmd/route.go:34.4,34.10 1 0
FreeBSD-Command-manager/cmd/route.go:36.3,37.17 2 0
FreeBSD-Command-manager/cmd/route.go:37.17,38.84 1 0
FreeBSD-Command-manager/cmd/route.go:38.84,41.5 2 0
FreeBSD-Command-manager/cmd/route.go:42.4,42.10 1 0
FreeBSD-Command-manager/cmd/route.go:44.3,44.103 1 0
FreeBSD-Command-manager/cmd/route.go:44.103,47.4 2 0
FreeBSD-Command-manager/cmd/route.go:54.47,55.21 1 0
FreeBSD-Command-manager/cmd/route.go:55.21,56.92 1 0
FreeBSD-Command-manager/cmd/route.go:56.92,59.5 2 0
FreeBSD-Command-manager/cmd/route.go:60.4,60.10 1 0
FreeBSD-Command-manager/cmd/route.go:62.3,63.17 2 0
FreeBSD-Command-manager/cmd/route.go:63.17,64.84 1 0
FreeBSD-Command-manager/cmd/route.go:64.84,67.5 2 0
FreeBSD-Command-manager/cmd/route.go:68.4,68.10 1 0
FreeBSD-Command-manager/cmd/route.go:70.3,70.105 1 0
FreeBSD-Command-manager/cmd/route.go:70.105,73.4 2 0
FreeBSD-Command-manager/cmd/route.go:80.47,82.17 2 0
FreeBSD-Command-manager/cmd/route.go:82.17,83.84 1 0
FreeBSD-Command-manager/cmd/route.go:83.84,86.5 2 0
FreeBSD-Command-manager/cmd/route.go:87.4,87.10 1 0
FreeBSD-Command-manager/cmd/route.go:89.3,89.80 1 0
FreeBSD-Command-manager/cmd/route.go:89.80,92.4 2 0
FreeBSD-Command-manager/cmd/route.go:96.13,112.2 11 0
FreeBSD-Command-manager/cmd/version.go:23.47,30.17 2 0
FreeBSD-Command-manager/cmd/version.go:30.17,33.4 2 0
FreeBSD-Command-manager/cmd/version.go:37.13,39.2 1 0
FreeBSD-Command-manager/internal/jail/manager.go:54.102,59.2 1 15
FreeBSD-Command-manager/internal/jail/manager.go:62.55,64.54 1 5
FreeBSD-Command-manager/internal/jail/manager.go:64.54,66.3 1 1
FreeBSD-Command-manager/internal/jail/manager.go:69.2,69.57 1 4
FreeBSD-Command-manager/internal/jail/manager.go:69.57,71.3 1 1
FreeBSD-Command-manager/internal/jail/manager.go:74.2,74.21 1 3
FreeBSD-Command-manager/internal/jail/manager.go:74.21,75.64 1 0
FreeBSD-Command-manager/internal/jail/manager.go:75.64,77.4 1 0
FreeBSD-Command-manager/internal/jail/manager.go:81.2,87.16 2 3
FreeBSD-Command-manager/internal/jail/manager.go:87.16,89.3 1 1
FreeBSD-Command-manager/internal/jail/manager.go:91.2,91.12 1 2
FreeBSD-Command-manager/internal/jail/manager.go:95.55,96.16 1 4
FreeBSD-Command-manager/internal/jail/manager.go:96.16,98.3 1 1
FreeBSD-Command-manager/internal/jail/manager.go:100.2,101.16 2 3
FreeBSD-Command-manager/internal/jail/manager.go:101.16,103.3 1 1
FreeBSD-Command-manager/internal/jail/manager.go:105.2,105.12 1 2
FreeBSD-Command-manager/internal/jail/manager.go:109.54,110.16 1 8
FreeBSD-Command-manager/internal/jail/manager.go:110.16,112.3 1 1
FreeBSD-Command-manager/internal/jail/manager.go:114.2,115.16 2 7
FreeBSD-Command-manager/internal/jail/manager.go:115.16,117.3 1 2
FreeBSD-Command-manager/internal/jail/manager.go:119.2,119.12 1 5
FreeBSD-Command-manager/internal/jail/manager.go:123.57,124.16 1 5
FreeBSD-Command-manager/internal/jail/manager.go:124.16,126.3 1 1
FreeBSD-Command-manager/internal/jail/manager.go:129.2,129.37 1 4
FreeBSD-Command-manager/internal/jail/manager.go:129.37,132.3 1 1
FreeBSD-Command-manager/internal/jail/manager.go:135.2,136.16 2 4
FreeBSD-Command-manager/internal/jail/manager.go:136.16,138.3 1 1
FreeBSD-Command-manager/internal/jail/manager.go:140.2,140.12 1 3
FreeBSD-Command-manager/internal/jail/manager.go:144.61,146.16 2 0
FreeBSD-Command-manager/internal/jail/manager.go:146.16,148.3 1 0
FreeBSD-Command-manager/internal/jail/manager.go:149.2,150.16 2 0
FreeBSD-Command-manager/internal/jail/manager.go:150.16,152.3 1 0
FreeBSD-Command-manager/internal/jail/manager.go:153.2,153.19 1 0
FreeBSD-Command-manager/internal/jail/manager.go:157.74,158.16 1 0
FreeBSD-Command-manager/internal/jail/manager.go:158.16,160.3 1 0
FreeBSD-Command-manager/internal/jail/manager.go:161.2,162.16 2 0
FreeBSD-Command-manager/internal/jail/manager.go:162.16,164.3 1 0
FreeBSD-Command-manager/internal/jail/manager.go:165.2,166.16 2 0
FreeBSD-Command-manager/internal/jail/manager.go:166.16,168.3 1 0
FreeBSD-Command-manager/internal/jail/manager.go:169.2,169.29 1 0
FreeBSD-Command-manager/internal/jail/manager.go:169.29,170.24 1 0
FreeBSD-Command-manager/internal/jail/manager.go:170.24,172.4 1 0
FreeBSD-Command-manager/internal/jail/manager.go:174.2,174.51 1 0
FreeBSD-Command-manager/internal/jail/manager.go:181.56,183.2 1 0
FreeBSD-Command-manager/internal/jail/manager.go:186.63,187.49 1 0
FreeBSD-Command-manager/internal/jail/manager.go:187.49,188.72 1 0
FreeBSD-Command-manager/internal/jail/manager.go:188.72,190.4 1 0
FreeBSD-Command-manager/internal/jail/manager.go:192.2,192.12 1 0
FreeBSD-Command-manager/internal/jail/manager.go:196.68,198.50 2 0
FreeBSD-Command-manager/internal/jail/manager.go:198.50,200.3 1 0
FreeBSD-Command-manager/internal/jail/manager.go:201.2,201.12 1 0
FreeBSD-Command-manager/internal/jail/manager.go:205.62,207.50 2 0
FreeBSD-Command-manager/internal/jail/manager.go:207.50,209.3 1 0
FreeBSD-Command-manager/internal/jail/manager.go:210.2,210.12 1 0
FreeBSD-Command-manager/internal/jail/manager.go:217.52,219.2 1 0
FreeBSD-Command-manager/internal/jail/manager.go:222.84,225.16 3 0
FreeBSD-Command-manager/internal/jail/manager.go:225.16,227.3 1 0
FreeBSD-Command-manager/internal/jail/manager.go:228.2,228.28 1 0
FreeBSD-Command-manager/internal/jail/manager.go:232.31,236.2 3 0
FreeBSD-Command-manager/internal/jail/testing.go:30.63,34.2 3 4
FreeBSD-Command-manager/internal/jail/testing.go:37.68,42.2 4 0
FreeBSD-Command-manager/internal/jail/testing.go:45.62,49.2 3 0
FreeBSD-Command-manager/internal/jail/testing.go:61.84,66.2 4 11
FreeBSD-Command-manager/internal/jail/testing.go:78.86,83.19 3 6
FreeBSD-Command-manager/internal/jail/testing.go:83.19,85.3 1 6
FreeBSD-Command-manager/internal/jail/testing.go:86.2,89.42 2 6
FreeBSD-Command-manager/internal/jail/testing.go:89.42,90.18 1 6
FreeBSD-Command-manager/internal/jail/testing.go:91.15,92.38 1 0
FreeBSD-Command-manager/internal/jail/testing.go:93.18,94.47 1 0
FreeBSD-Command-manager/internal/jail/testing.go:95.16,96.30 1 0
FreeBSD-Command-manager/internal/jail/testing.go:97.17,98.30 1 0
FreeBSD-Command-manager/internal/jail/testing.go:99.15,100.37 1 0
FreeBSD-Command-manager/internal/jail/testing.go:101.15,102.34 1 0
FreeBSD-Command-manager/internal/jail/testing.go:103.13,104.23 1 6
FreeBSD-Command-manager/internal/jail/testing.go:104.23,106.5 1 6
FreeBSD-Command-manager/internal/jail/testing.go:108.4,108.24 1 0
FreeBSD-Command-manager/internal/jail/testing.go:108.24,110.5 1 0
FreeBSD-Command-manager/internal/jail/testing.go:111.4,111.47 1 0
FreeBSD-Command-manager/internal/jail/testing.go:116.2,116.50 1 0
FreeBSD-Command-manager/internal/jail/testing.go:120.83,122.2 1 0
FreeBSD-Command-manager/internal/jail/testing.go:125.31,129.2 3 1
FreeBSD-Command-manager/internal/network/bareos/basic.go:9.54,10.16 1 3
FreeBSD-Command-manager/internal/network/bareos/basic.go:10.16,12.3 1 1
FreeBSD-Command-manager/internal/network/bareos/basic.go:14.2,15.16 2 2
FreeBSD-Command-manager/internal/network/bareos/basic.go:15.16,17.3 1 0
FreeBSD-Command-manager/internal/network/bareos/basic.go:20.2,21.16 2 2
FreeBSD-Command-manager/internal/network/bareos/basic.go:21.16,23.3 1 0
FreeBSD-Command-manager/internal/network/bareos/basic.go:25.2,25.12 1 2
FreeBSD-Command-manager/internal/network/bareos/basic.go:29.54,30.16 1 5
FreeBSD-Command-manager/internal/network/bareos/basic.go:30.16,32.3 1 1
FreeBSD-Command-manager/internal/network/bareos/basic.go:34.2,35.16 2 4
FreeBSD-Command-manager/internal/network/bareos/basic.go:35.16,37.3 1 0
FreeBSD-Command-manager/internal/network/bareos/basic.go:39.2,39.12 1 4
FreeBSD-Command-manager/internal/network/bareos/bridge.go:8.51,11.16 2 2
FreeBSD-Command-manager/internal/network/bareos/bridge.go:11.16,13.3 1 0
FreeBSD-Command-manager/internal/network/bareos/bridge.go:16.2,17.16 2 2
FreeBSD-Command-manager/internal/network/bareos/bridge.go:17.16,19.3 1 0
FreeBSD-Command-manager/internal/network/bareos/bridge.go:21.2,21.16 1 2
FreeBSD-Command-manager/internal/network/bareos/bridge.go:21.16,24.17 2 1
FreeBSD-Command-manager/internal/network/bareos/bridge.go:24.17,26.4 1 0
FreeBSD-Command-manager/internal/network/bareos/bridge.go:29.2,29.12 1 2
FreeBSD-Command-manager/internal/network/bareos/bridge.go:33.51,34.16 1 0
FreeBSD-Command-manager/internal/network/bareos/bridge.go:34.16,36.3 1 0
FreeBSD-Command-manager/internal/network/bareos/bridge.go:38.2,38.32 1 0
FreeBSD-Command-manager/internal/network/bareos/bridge.go:42.80,43.22 1 3
FreeBSD-Command-manager/internal/network/bareos/bridge.go:43.22,45.3 1 1
FreeBSD-Command-manager/internal/network/bareos/bridge.go:46.2,46.25 1 2
FreeBSD-Command-manager/internal/network/bareos/bridge.go:46.25,48.3 1 1
FreeBSD-Command-manager/internal/network/bareos/bridge.go:51.2,52.16 2 1
FreeBSD-Command-manager/internal/network/bareos/bridge.go:52.16,54.3 1 0
FreeBSD-Command-manager/internal/network/bareos/bridge.go:56.2,56.12 1 1
FreeBSD-Command-manager/internal/network/bareos/bridge.go:60.85,61.22 1 3
FreeBSD-Command-manager/internal/network/bareos/bridge.go:61.22,63.3 1 1
FreeBSD-Command-manager/internal/network/bareos/bridge.go:64.2,64.25 1 2
FreeBSD-Command-manager/internal/network/bareos/bridge.go:64.25,66.3 1 1
FreeBSD-Command-manager/internal/network/bareos/bridge.go:69.2,70.16 2 1
FreeBSD-Command-manager/internal/network/bareos/bridge.go:70.16,72.3 1 0
FreeBSD-Command-manager/internal/network/bareos/bridge.go:74.2,74.12 1 1
FreeBSD-Command-manager/internal/network/bareos/gre.go:8.63,9.18 1 4
FreeBSD-Command-manager/internal/network/bareos/gre.go:9.18,11.3 1 1
FreeBSD-Command-manager/internal/network/bareos/gre.go:12.2,12.17 1 3
FreeBSD-Command-manager/internal/network/bareos/gre.go:12.17,14.3 1 1
FreeBSD-Command-manager/internal/network/bareos/gre.go:17.2,18.16 2 2
FreeBSD-Command-manager/internal/network/bareos/gre.go:18.16,20.3 1 0
FreeBSD-Command-manager/internal/network/bareos/gre.go:23.2,24.16 2 2
FreeBSD-Command-manager/internal/network/bareos/gre.go:24.16,26.3 1 0
FreeBSD-Command-manager/internal/network/bareos/gre.go:29.2,30.16 2 2
FreeBSD-Command-manager/internal/network/bareos/gre.go:30.16,32.3 1 0
FreeBSD-Command-manager/internal/network/bareos/gre.go:34.2,34.16 1 2
FreeBSD-Command-manager/internal/network/bareos/gre.go:34.16,37.17 2 1
FreeBSD-Command-manager/internal/network/bareos/gre.go:37.17,39.4 1 0
FreeBSD-Command-manager/internal/network/bareos/gre.go:42.2,42.12 1 2
FreeBSD-Command-manager/internal/network/bareos/gre.go:46.48,47.16 1 2
FreeBSD-Command-manager/internal/network/bareos/gre.go:47.16,49.3 1 1
FreeBSD-Command-manager/internal/network/bareos/gre.go:51.2,51.32 1 1
FreeBSD-Command-manager/internal/network/bareos/ip.go:11.61,12.42 1 3
FreeBSD-Command-manager/internal/network/bareos/ip.go:12.42,14.3 1 3
FreeBSD-Command-manager/internal/network/bareos/ip.go:15.2,16.15 2 0
FreeBSD-Command-manager/internal/network/bareos/ip.go:16.15,18.3 1 0
FreeBSD-Command-manager/internal/network/bareos/ip.go:19.2,22.16 4 0
FreeBSD-Command-manager/internal/network/bareos/ip.go:22.16,24.3 1 0
FreeBSD-Command-manager/internal/network/bareos/ip.go:25.2,25.12 1 0
FreeBSD-Command-manager/internal/network/bareos/ip.go:29.63,30.42 1 3
FreeBSD-Command-manager/internal/network/bareos/ip.go:30.42,32.3 1 3
FreeBSD-Command-manager/internal/network/bareos/ip.go:33.2,34.15 2 0
FreeBSD-Command-manager/internal/network/bareos/ip.go:34.15,36.3 1 0
FreeBSD-Command-manager/internal/network/bareos/ip.go:37.2,40.16 4 0
FreeBSD-Command-manager/internal/network/bareos/ip.go:40.16,42.3 1 0
FreeBSD-Command-manager/internal/network/bareos/ip.go:43.2,43.12 1 0
FreeBSD-Command-manager/internal/network/bareos/ip.go:47.64,48.42 1 3
FreeBSD-Command-manager/internal/network/bareos/ip.go:48.42,50.3 1 3
FreeBSD-Command-manager/internal/network/bareos/ip.go:51.2,52.15 2 0
FreeBSD-Command-manager/internal/network/bareos/ip.go:52.15,54.3 1 0
FreeBSD-Command-manager/internal/network/bareos/ip.go:55.2,58.16 4 0
FreeBSD-Command-manager/internal/network/bareos/ip.go:58.16,60.3 1 0
FreeBSD-Command-manager/internal/network/bareos/ip.go:61.2,61.12 1 0
FreeBSD-Command-manager/internal/network/bareos/manager.go:48.51,52.2 1 40
FreeBSD-Command-manager/internal/network/bareos/manager.go:55.51,57.16 2 1
FreeBSD-Command-manager/internal/network/bareos/manager.go:57.16,59.3 1 0
FreeBSD-Command-manager/internal/network/bareos/manager.go:60.2,60.44 1 1
FreeBSD-Command-manager/internal/network/bareos/manager.go:64.64,65.16 1 2
FreeBSD-Command-manager/internal/network/bareos/manager.go:65.16,67.3 1 1
FreeBSD-Command-manager/internal/network/bareos/manager.go:68.2,69.16 2 1
FreeBSD-Command-manager/internal/network/bareos/manager.go:69.16,71.3 1 0
FreeBSD-Command-manager/internal/network/bareos/manager.go:72.2,73.21 2 1
FreeBSD-Command-manager/internal/network/bareos/manager.go:73.21,75.3 1 0
FreeBSD-Command-manager/internal/network/bareos/manager.go:76.2,76.23 1 1
FreeBSD-Command-manager/internal/network/bareos/manager.go:83.52,85.2 1 0
FreeBSD-Command-manager/internal/network/bareos/manager.go:88.84,92.2 3 0
FreeBSD-Command-manager/internal/network/bareos/manager.go:95.40,98.2 2 0
FreeBSD-Command-manager/internal/network/bareos/route.go:11.52,12.18 1 0
FreeBSD-Command-manager/internal/network/bareos/route.go:12.18,14.3 1 0
FreeBSD-Command-manager/internal/network/bareos/route.go:15.2,17.16 3 0
FreeBSD-Command-manager/internal/network/bareos/route.go:17.16,19.3 1 0
FreeBSD-Command-manager/internal/network/bareos/route.go:20.2,20.28 1 0
FreeBSD-Command-manager/internal/network/bareos/route.go:26.49,28.15 2 2
FreeBSD-Command-manager/internal/network/bareos/route.go:28.15,30.3 1 0
FreeBSD-Command-manager/internal/network/bareos/route.go:31.2,33.16 3 2
FreeBSD-Command-manager/internal/network/bareos/route.go:33.16,35.3 1 1
FreeBSD-Command-manager/internal/network/bareos/route.go:36.2,36.12 1 1
FreeBSD-Command-manager/internal/network/bareos/route.go:40.65,42.15 2 0
FreeBSD-Command-manager/internal/network/bareos/route.go:42.15,44.3 1 0
FreeBSD-Command-manager/internal/network/bareos/route.go:45.2,46.17 2 0
FreeBSD-Command-manager/internal/network/bareos/route.go:46.17,48.3 1 0
FreeBSD-Command-manager/internal/network/bareos/route.go:49.2,51.16 3 0
FreeBSD-Command-manager/internal/network/bareos/route.go:51.16,53.3 1 0
FreeBSD-Command-manager/internal/network/bareos/route.go:54.2,54.12 1 0
FreeBSD-Command-manager/internal/network/bareos/route.go:59.45,61.15 2 2
FreeBSD-Command-manager/internal/network/bareos/route.go:61.15,63.3 1 0
FreeBSD-Command-manager/internal/network/bareos/route.go:64.2,64.26 1 2
FreeBSD-Command-manager/internal/network/bareos/route.go:64.26,66.17 2 2
FreeBSD-Command-manager/internal/network/bareos/route.go:66.17,68.4 1 0
FreeBSD-Command-manager/internal/network/bareos/route.go:69.3,69.17 1 2
FreeBSD-Command-manager/internal/network/bareos/route.go:69.17,71.4 1 1
FreeBSD-Command-manager/internal/network/bareos/route.go:73.2,75.16 3 1
FreeBSD-Command-manager/internal/network/bareos/route.go:75.16,77.3 1 0
FreeBSD-Command-manager/internal/network/bareos/route.go:78.2,78.12 1 1
FreeBSD-Command-manager/internal/network/bareos/route.go:82.51,83.18 1 2
FreeBSD-Command-manager/internal/network/bareos/route.go:83.18,85.3 1 1
FreeBSD-Command-manager/internal/network/bareos/route.go:86.2,87.16 2 1
FreeBSD-Command-manager/internal/network/bareos/route.go:87.16,89.3 1 0
FreeBSD-Command-manager/internal/network/bareos/route.go:90.2,91.16 2 1
FreeBSD-Command-manager/internal/network/bareos/route.go:91.16,93.3 1 0
FreeBSD-Command-manager/internal/network/bareos/route.go:94.2,94.75 1 1
FreeBSD-Command-manager/internal/network/bareos/route.go:98.53,100.16 2 2
FreeBSD-Command-manager/internal/network/bareos/route.go:100.16,102.3 1 0
FreeBSD-Command-manager/internal/network/bareos/route.go:103.2,104.48 2 2
FreeBSD-Command-manager/internal/network/bareos/route.go:104.48,106.48 2 5
FreeBSD-Command-manager/internal/network/bareos/route.go:106.48,108.4 1 3
FreeBSD-Command-manager/internal/network/bareos/route.go:110.2,110.19 1 2
FreeBSD-Command-manager/internal/network/bareos/testing.go:11.52,17.2 1 41
FreeBSD-Command-manager/internal/network/bareos/testing.go:20.84,23.27 2 44
FreeBSD-Command-manager/internal/network/bareos/testing.go:23.27,25.3 1 122
FreeBSD-Command-manager/internal/network/bareos/testing.go:26.2,29.45 2 44
FreeBSD-Command-manager/internal/network/bareos/testing.go:29.45,31.3 1 1
FreeBSD-Command-manager/internal/network/bareos/testing.go:34.2,34.49 1 43
FreeBSD-Command-manager/internal/network/bareos/testing.go:34.49,36.3 1 32
FreeBSD-Command-manager/internal/network/bareos/testing.go:38.2,38.16 1 11
FreeBSD-Command-manager/internal/network/bareos/testing.go:42.65,44.2 1 32
FreeBSD-Command-manager/internal/network/bareos/testing.go:47.67,49.2 1 1
FreeBSD-Command-manager/internal/network/bareos/testing.go:52.54,54.2 1 28
FreeBSD-Command-manager/internal/network/bareos/testing.go:57.47,59.2 1 1
FreeBSD-Command-manager/internal/network/bareos/testing.go:62.40,65.2 2 1
FreeBSD-Command-manager/internal/network/bareos/testing.go:68.75,70.2 1 0
FreeBSD-Command-manager/internal/network/bareos/vlan.go:8.69,9.18 1 5
FreeBSD-Command-manager/internal/network/bareos/vlan.go:9.18,11.3 1 1
FreeBSD-Command-manager/internal/network/bareos/vlan.go:12.2,12.33 1 4
FreeBSD-Command-manager/internal/network/bareos/vlan.go:12.33,14.3 1 2
FreeBSD-Command-manager/internal/network/bareos/vlan.go:17.2,18.16 2 2
FreeBSD-Command-manager/internal/network/bareos/vlan.go:18.16,20.3 1 0
FreeBSD-Command-manager/internal/network/bareos/vlan.go:23.2,24.16 2 2
FreeBSD-Command-manager/internal/network/bareos/vlan.go:24.16,26.3 1 0
FreeBSD-Command-manager/internal/network/bareos/vlan.go:29.2,30.16 2 2
FreeBSD-Command-manager/internal/network/bareos/vlan.go:30.16,32.3 1 0
FreeBSD-Command-manager/internal/network/bareos/vlan.go:34.2,34.16 1 2
FreeBSD-Command-manager/internal/network/bareos/vlan.go:34.16,37.17 2 1
FreeBSD-Command-manager/internal/network/bareos/vlan.go:37.17,39.4 1 0
FreeBSD-Command-manager/internal/network/bareos/vlan.go:42.2,42.12 1 2
FreeBSD-Command-manager/internal/network/bareos/vlan.go:46.49,47.16 1 2
FreeBSD-Command-manager/internal/network/bareos/vlan.go:47.16,49.3 1 1
FreeBSD-Command-manager/internal/network/bareos/vlan.go:51.2,51.32 1 1
FreeBSD-Command-manager/internal/network/bareos/vxlan.go:10.90,11.17 1 9
FreeBSD-Command-manager/internal/network/bareos/vxlan.go:11.17,13.3 1 1
FreeBSD-Command-manager/internal/network/bareos/vxlan.go:14.2,14.18 1 8
FreeBSD-Command-manager/internal/network/bareos/vxlan.go:14.18,16.3 1 1
FreeBSD-Command-manager/internal/network/bareos/vxlan.go:17.2,17.39 1 7
FreeBSD-Command-manager/internal/network/bareos/vxlan.go:17.39,19.3 1 2
FreeBSD-Command-manager/internal/network/bareos/vxlan.go:22.2,22.31 1 5
FreeBSD-Command-manager/internal/network/bareos/vxlan.go:22.31,24.3 1 1
FreeBSD-Command-manager/internal/network/bareos/vxlan.go:25.2,25.32 1 4
FreeBSD-Command-manager/internal/network/bareos/vxlan.go:25.32,27.3 1 1
FreeBSD-Command-manager/internal/network/bareos/vxlan.go:30.2,31.16 2 3
FreeBSD-Command-manager/internal/network/bareos/vxlan.go:31.16,33.3 1 0
FreeBSD-Command-manager/internal/network/bareos/vxlan.go:36.2,39.17 2 3
FreeBSD-Command-manager/internal/network/bareos/vxlan.go:39.17,41.3 1 1
FreeBSD-Command-manager/internal/network/bareos/vxlan.go:42.2,42.15 1 3
FreeBSD-Command-manager/internal/network/bareos/vxlan.go:42.15,44.3 1 1
FreeBSD-Command-manager/internal/network/bareos/vxlan.go:47.2,48.16 2 3
FreeBSD-Command-manager/internal/network/bareos/vxlan.go:48.16,50.3 1 0
FreeBSD-Command-manager/internal/network/bareos/vxlan.go:53.2,54.16 2 3
FreeBSD-Command-manager/internal/network/bareos/vxlan.go:54.16,56.3 1 0
FreeBSD-Command-manager/internal/network/bareos/vxlan.go:58.2,58.16 1 3
FreeBSD-Command-manager/internal/network/bareos/vxlan.go:58.16,61.17 2 2
FreeBSD-Command-manager/internal/network/bareos/vxlan.go:61.17,63.4 1 0
FreeBSD-Command-manager/internal/network/bareos/vxlan.go:66.2,66.12 1 3
FreeBSD-Command-manager/internal/network/bareos/vxlan.go:70.50,71.16 1 2
FreeBSD-Command-manager/internal/network/bareos/vxlan.go:71.16,73.3 1 1
FreeBSD-Command-manager/internal/network/bareos/vxlan.go:75.2,75.32 1 1
FreeBSD-Command-manager/pkg/ifconfig/parser.go:56.42,65.29 7 1
FreeBSD-Command-manager/pkg/ifconfig/parser.go:65.29,68.31 2 29
FreeBSD-Command-manager/pkg/ifconfig/parser.go:68.31,69.26 1 4
FreeBSD-Command-manager/pkg/ifconfig/parser.go:69.26,73.5 3 3
FreeBSD-Command-manager/pkg/ifconfig/parser.go:74.4,76.12 3 4
FreeBSD-Command-manager/pkg/ifconfig/parser.go:79.3,79.25 1 25
FreeBSD-Command-manager/pkg/ifconfig/parser.go:79.25,80.12 1 0
FreeBSD-Command-manager/pkg/ifconfig/parser.go:83.3,86.31 4 25
FreeBSD-Command-manager/pkg/ifconfig/parser.go:89.2,89.24 1 1
FreeBSD-Command-manager/pkg/ifconfig/parser.go:89.24,93.3 3 1
FreeBSD-Command-manager/pkg/ifconfig/parser.go:95.2,95.15 1 1
FreeBSD-Command-manager/pkg/ifconfig/parser.go:98.43,100.2 1 29
FreeBSD-Command-manager/pkg/ifconfig/parser.go:102.47,104.20 2 4
FreeBSD-Command-manager/pkg/ifconfig/parser.go:104.20,106.3 1 4
FreeBSD-Command-manager/pkg/ifconfig/parser.go:107.2,107.11 1 0
FreeBSD-Command-manager/pkg/ifconfig/parser.go:110.73,111.38 1 4
FreeBSD-Command-manager/pkg/ifconfig/parser.go:111.38,113.3 1 4
FreeBSD-Command-manager/pkg/ifconfig/parser.go:114.2,114.8 1 4
FreeBSD-Command-manager/pkg/ifconfig/parser.go:117.103,118.53 1 25
FreeBSD-Command-manager/pkg/ifconfig/parser.go:118.53,120.3 1 0
FreeBSD-Command-manager/pkg/ifconfig/parser.go:121.2,121.38 1 25
FreeBSD-Command-manager/pkg/ifconfig/parser.go:121.38,123.3 1 2
FreeBSD-Command-manager/pkg/ifconfig/parser.go:124.2,124.39 1 25
FreeBSD-Command-manager/pkg/ifconfig/parser.go:124.39,126.3 1 3
FreeBSD-Command-manager/pkg/ifconfig/parser.go:127.2,127.29 1 25
FreeBSD-Command-manager/pkg/ifconfig/parser.go:130.47,131.38 1 25
FreeBSD-Command-manager/pkg/ifconfig/parser.go:131.38,133.35 2 3
FreeBSD-Command-manager/pkg/ifconfig/parser.go:133.35,134.67 1 3
FreeBSD-Command-manager/pkg/ifconfig/parser.go:134.67,136.5 1 3
FreeBSD-Command-manager/pkg/ifconfig/parser.go:141.48,142.73 1 25
FreeBSD-Command-manager/pkg/ifconfig/parser.go:142.73,144.35 2 2
FreeBSD-Command-manager/pkg/ifconfig/parser.go:144.35,146.36 2 2
FreeBSD-Command-manager/pkg/ifconfig/parser.go:146.36,148.81 2 2
FreeBSD-Command-manager/pkg/ifconfig/parser.go:148.81,150.65 2 2
FreeBSD-Command-manager/pkg/ifconfig/parser.go:150.65,151.65 1 2
FreeBSD-Command-manager/pkg/ifconfig/parser.go:151.65,153.8 1 2
FreeBSD-Command-manager/pkg/ifconfig/parser.go:156.5,156.54 1 2
FreeBSD-Command-manager/pkg/ifconfig/parser.go:162.48,163.38 1 25
FreeBSD-Command-manager/pkg/ifconfig/parser.go:163.38,165.35 2 3
FreeBSD-Command-manager/pkg/ifconfig/parser.go:165.35,167.51 2 3
FreeBSD-Command-manager/pkg/ifconfig/parser.go:167.51,169.5 1 2
FreeBSD-Command-manager/pkg/ifconfig/parser.go:170.4,171.56 2 3
FreeBSD-Command-manager/pkg/ifconfig/parser.go:171.56,173.85 2 3
FreeBSD-Command-manager/pkg/ifconfig/parser.go:173.85,175.25 2 3
FreeBSD-Command-manager/pkg/ifconfig/parser.go:175.25,177.7 1 3
FreeBSD-Command-manager/pkg/ifconfig/parser.go:179.5,179.54 1 3
FreeBSD-Command-manager/pkg/ifconfig/parser.go:185.65,186.23 1 4
FreeBSD-Command-manager/pkg/ifconfig/parser.go:186.23,188.3 1 1
FreeBSD-Command-manager/pkg/ifconfig/parser.go:189.2,189.21 1 3
FreeBSD-Command-manager/pkg/ifconfig/parser.go:189.21,191.3 1 0
FreeBSD-Command-manager/pkg/ifconfig/parser.go:192.2,192.27 1 3
FreeBSD-Command-manager/pkg/ifconfig/parser.go:192.27,194.3 1 2
FreeBSD-Command-manager/pkg/ifconfig/parser.go:195.2,195.20 1 1
FreeBSD-Command-manager/pkg/ifconfig/parser.go:195.20,197.3 1 0
FreeBSD-Command-manager/pkg/ifconfig/parser.go:198.2,198.19 1 1
FreeBSD-Command-manager/pkg/ifconfig/parser.go:198.19,200.3 1 0
FreeBSD-Command-manager/pkg/ifconfig/parser.go:201.2,201.18 1 1
FreeBSD-Command-manager/pkg/ifconfig/parser.go:201.18,203.3 1 0
FreeBSD-Command-manager/pkg/ifconfig/parser.go:204.2,204.23 1 1
FreeBSD-Command-manager/pkg/ifconfig/parser.go:204.23,206.3 1 0
FreeBSD-Command-manager/pkg/ifconfig/parser.go:207.2,207.23 1 1
FreeBSD-Command-manager/pkg/ifconfig/parser.go:207.23,209.3 1 1
FreeBSD-Command-manager/pkg/ifconfig/parser.go:210.2,210.21 1 0
FreeBSD-Command-manager/pkg/ifconfig/parser.go:210.21,212.3 1 0
FreeBSD-Command-manager/pkg/ifconfig/parser.go:213.2,213.18 1 0
FreeBSD-Command-manager/pkg/ifconfig/parser.go:213.18,215.3 1 0
FreeBSD-Command-manager/pkg/ifconfig/parser.go:216.2,216.18 1 0
FreeBSD-Command-manager/pkg/ifconfig/parser.go:216.18,218.3 1 0
FreeBSD-Command-manager/pkg/ifconfig/parser.go:219.2,219.18 1 0
FreeBSD-Command-manager/pkg/ifconfig/parser.go:219.18,221.3 1 0
FreeBSD-Command-manager/pkg/ifconfig/parser.go:222.2,222.18 1 0
FreeBSD-Command-manager/pkg/ifconfig/parser.go:222.18,224.3 1 0
FreeBSD-Command-manager/pkg/ifconfig/parser.go:225.2,225.18 1 0
FreeBSD-Command-manager/pkg/ifconfig/parser.go:225.18,227.3 1 0
FreeBSD-Command-manager/pkg/ifconfig/parser.go:228.2,228.16 1 0
FreeBSD-Command-manager/pkg/ifconfig/parser.go:231.36,233.2 1 4
FreeBSD-Command-manager/pkg/ifconfig/parser.go:235.34,237.2 1 3
FreeBSD-Command-manager/pkg/ifconfig/parser.go:239.40,241.2 1 3
FreeBSD-Command-manager/pkg/ifconfig/parser.go:243.33,245.2 1 1
FreeBSD-Command-manager/pkg/ifconfig/parser.go:247.32,249.2 1 1
FreeBSD-Command-manager/pkg/ifconfig/parser.go:251.31,253.2 1 1
FreeBSD-Command-manager/pkg/ifconfig/parser.go:255.36,257.2 1 1
FreeBSD-Command-manager/pkg/ifconfig/parser.go:259.36,261.2 1 1
FreeBSD-Command-manager/pkg/ifconfig/parser.go:263.34,265.2 1 0
FreeBSD-Command-manager/pkg/ifconfig/parser.go:267.31,269.2 1 0
FreeBSD-Command-manager/pkg/ifconfig/parser.go:271.31,273.2 1 0
FreeBSD-Command-manager/pkg/ifconfig/parser.go:275.31,277.2 1 0
FreeBSD-Command-manager/pkg/ifconfig/parser.go:279.31,281.2 1 0
FreeBSD-Command-manager/pkg/ifconfig/parser.go:283.31,285.2 1 0
FreeBSD-Command-manager/pkg/ifconfig/parser.go:287.52,288.40 1 4
FreeBSD-Command-manager/pkg/ifconfig/parser.go:288.40,290.3 1 3
FreeBSD-Command-manager/pkg/ifconfig/parser.go:291.2,291.19 1 1
FreeBSD-Command-manager/pkg/ifconfig/parser.go:294.46,296.16 2 2
FreeBSD-Command-manager/pkg/ifconfig/parser.go:296.16,298.3 1 0
FreeBSD-Command-manager/pkg/ifconfig/parser.go:300.2,301.18 2 2
FreeBSD-Command-manager/pkg/ifconfig/parser.go:301.18,304.3 2 8
FreeBSD-Command-manager/pkg/ifconfig/parser.go:306.2,306.17 1 2
FreeBSD-Command-manager/pkg/jail/parser.go:19.51,23.21 4 3
FreeBSD-Command-manager/pkg/jail/parser.go:23.21,25.24 2 8
FreeBSD-Command-manager/pkg/jail/parser.go:25.24,27.12 2 2
FreeBSD-Command-manager/pkg/jail/parser.go:29.3,30.34 2 6
FreeBSD-Command-manager/pkg/jail/parser.go:30.34,31.12 1 1
FreeBSD-Command-manager/pkg/jail/parser.go:33.3,34.29 2 5
FreeBSD-Command-manager/pkg/jail/parser.go:34.29,35.13 1 25
FreeBSD-Command-manager/pkg/jail/parser.go:36.16,37.26 1 5
FreeBSD-Command-manager/pkg/jail/parser.go:38.17,39.28 1 5
FreeBSD-Command-manager/pkg/jail/parser.go:40.20,41.26 1 5
FreeBSD-Command-manager/pkg/jail/parser.go:42.20,43.26 1 5
FreeBSD-Command-manager/pkg/jail/parser.go:44.16,45.26 1 5
FreeBSD-Command-manager/pkg/jail/parser.go:48.3,48.30 1 5
FreeBSD-Command-manager/pkg/jail/parser.go:50.2,50.19 1 3
FreeBSD-Command-manager/pkg/netstat/parser.go:19.24,21.2 1 0
FreeBSD-Command-manager/pkg/netstat/parser.go:24.51,30.21 5 3
FreeBSD-Command-manager/pkg/netstat/parser.go:30.21,33.23 3 14
FreeBSD-Command-manager/pkg/netstat/parser.go:33.23,34.12 1 1
FreeBSD-Command-manager/pkg/netstat/parser.go:37.3,37.105 1 13
FreeBSD-Command-manager/pkg/netstat/parser.go:37.105,39.29 2 2
FreeBSD-Command-manager/pkg/netstat/parser.go:39.29,41.5 1 10
FreeBSD-Command-manager/pkg/netstat/parser.go:42.4,42.12 1 2
FreeBSD-Command-manager/pkg/netstat/parser.go:44.3,44.19 1 11
FreeBSD-Command-manager/pkg/netstat/parser.go:44.19,45.12 1 4
FreeBSD-Command-manager/pkg/netstat/parser.go:48.3,48.22 1 7
FreeBSD-Command-manager/pkg/netstat/parser.go:48.22,49.12 1 1
FreeBSD-Command-manager/pkg/netstat/parser.go:52.3,53.67 2 6
FreeBSD-Command-manager/pkg/netstat/parser.go:53.67,55.4 1 6
FreeBSD-Command-manager/pkg/netstat/parser.go:56.3,56.63 1 6
FreeBSD-Command-manager/pkg/netstat/parser.go:56.63,58.4 1 6
FreeBSD-Command-manager/pkg/netstat/parser.go:59.3,59.61 1 6
FreeBSD-Command-manager/pkg/netstat/parser.go:59.61,61.4 1 6
FreeBSD-Command-manager/pkg/netstat/parser.go:62.3,62.61 1 6
FreeBSD-Command-manager/pkg/netstat/parser.go:62.61,64.4 1 6
FreeBSD-Command-manager/pkg/netstat/parser.go:64.9,64.68 1 0
FreeBSD-Command-manager/pkg/netstat/parser.go:64.68,66.4 1 0
FreeBSD-Command-manager/pkg/netstat/parser.go:67.3,67.62 1 6
FreeBSD-Command-manager/pkg/netstat/parser.go:67.62,69.4 1 0
FreeBSD-Command-manager/pkg/netstat/parser.go:72.3,72.45 1 6
FreeBSD-Command-manager/pkg/netstat/parser.go:72.45,74.4 1 6
FreeBSD-Command-manager/pkg/netstat/parser.go:76.2,76.38 1 3
FreeBSD-Command-manager/pkg/netstat/parser.go:76.38,78.3 1 0
FreeBSD-Command-manager/pkg/netstat/parser.go:79.2,79.18 1 3
FreeBSD-Command-manager/pkg/netstat/parser.go:79.18,81.3 1 1
FreeBSD-Command-manager/pkg/netstat/parser.go:82.2,82.20 1 2
