mode: atomic
FreeBSD-Command-manager/internal/output.go:9.37,12.41 3 0
FreeBSD-Command-manager/internal/output.go:12.41,15.3 2 0
FreeBSD-Command-manager/internal/output.go:16.2,16.12 1 0
FreeBSD-Command-manager/cmd/cmd.go:16.16,17.38 1 0
FreeBSD-Command-manager/cmd/cmd.go:17.38,20.3 2 0
FreeBSD-Command-manager/cmd/jail.go:22.47,32.45 3 0
FreeBSD-Command-manager/cmd/jail.go:32.45,35.4 2 0
FreeBSD-Command-manager/cmd/jail.go:37.3,43.49 2 0
FreeBSD-Command-manager/cmd/jail.go:43.49,45.4 1 0
FreeBSD-Command-manager/cmd/jail.go:52.47,55.49 2 0
FreeBSD-Command-manager/cmd/jail.go:55.49,58.4 2 0
FreeBSD-Command-manager/cmd/jail.go:60.3,64.49 2 0
FreeBSD-Command-manager/cmd/jail.go:64.49,66.4 1 0
FreeBSD-Command-manager/cmd/jail.go:73.47,76.48 2 0
FreeBSD-Command-manager/cmd/jail.go:76.48,79.4 2 0
FreeBSD-Command-manager/cmd/jail.go:81.3,85.49 2 0
FreeBSD-Command-manager/cmd/jail.go:85.49,87.4 1 0
FreeBSD-Command-manager/cmd/jail.go:94.47,97.51 2 0
FreeBSD-Command-manager/cmd/jail.go:97.51,100.4 2 0
FreeBSD-Command-manager/cmd/jail.go:102.3,106.49 2 0
FreeBSD-Command-manager/cmd/jail.go:106.49,108.4 1 0
FreeBSD-Command-manager/cmd/jail.go:115.47,119.17 3 0
FreeBSD-Command-manager/cmd/jail.go:119.17,122.4 2 0
FreeBSD-Command-manager/cmd/jail.go:124.3,128.49 2 0
FreeBSD-Command-manager/cmd/jail.go:128.49,130.4 1 0
FreeBSD-Command-manager/cmd/jail.go:137.47,141.17 3 0
FreeBSD-Command-manager/cmd/jail.go:141.17,144.4 2 0
FreeBSD-Command-manager/cmd/jail.go:146.3,149.49 2 0
FreeBSD-Command-manager/cmd/jail.go:149.49,151.4 1 0
FreeBSD-Command-manager/cmd/jail.go:155.13,162.63 5 0
FreeBSD-Command-manager/cmd/jail.go:162.63,165.3 2 0
FreeBSD-Command-manager/cmd/jail.go:166.2,166.63 1 0
FreeBSD-Command-manager/cmd/jail.go:166.63,169.3 2 0
FreeBSD-Command-manager/cmd/jail.go:170.2,170.61 1 0
FreeBSD-Command-manager/cmd/jail.go:170.61,173.3 2 0
FreeBSD-Command-manager/cmd/jail.go:176.2,178.62 2 0
FreeBSD-Command-manager/cmd/jail.go:178.62,181.3 2 0
FreeBSD-Command-manager/cmd/jail.go:184.2,186.61 2 0
FreeBSD-Command-manager/cmd/jail.go:186.61,189.3 2 0
FreeBSD-Command-manager/cmd/jail.go:192.2,194.64 2 0
FreeBSD-Command-manager/cmd/jail.go:194.64,197.3 2 0
FreeBSD-Command-manager/cmd/jail.go:199.2,201.61 2 0
FreeBSD-Command-manager/cmd/jail.go:201.61,204.3 2 0
FreeBSD-Command-manager/cmd/jail.go:206.2,213.25 7 0
FreeBSD-Command-manager/cmd/network.go:48.47,50.57 2 0
FreeBSD-Command-manager/cmd/network.go:50.57,53.4 2 0
FreeBSD-Command-manager/cmd/network.go:54.3,58.49 2 0
FreeBSD-Command-manager/cmd/network.go:58.49,60.4 1 0
FreeBSD-Command-manager/cmd/network.go:67.47,69.63 2 0
FreeBSD-Command-manager/cmd/network.go:69.63,72.4 2 0
FreeBSD-Command-manager/cmd/network.go:73.3,77.49 2 0
FreeBSD-Command-manager/cmd/network.go:77.49,79.4 1 0
FreeBSD-Command-manager/cmd/network.go:87.47,89.58 2 0
FreeBSD-Command-manager/cmd/network.go:89.58,92.4 2 0
FreeBSD-Command-manager/cmd/network.go:93.3,97.49 2 0
FreeBSD-Command-manager/cmd/network.go:97.49,99.4 1 0
FreeBSD-Command-manager/cmd/network.go:106.47,108.61 2 0
FreeBSD-Command-manager/cmd/network.go:108.61,111.4 2 0
FreeBSD-Command-manager/cmd/network.go:112.3,116.49 2 0
FreeBSD-Command-manager/cmd/network.go:116.49,118.4 1 0
FreeBSD-Command-manager/cmd/network.go:126.47,128.74 2 0
FreeBSD-Command-manager/cmd/network.go:128.74,131.4 2 0
FreeBSD-Command-manager/cmd/network.go:132.3,138.49 2 0
FreeBSD-Command-manager/cmd/network.go:138.49,140.4 1 0
FreeBSD-Command-manager/cmd/network.go:147.47,149.57 2 0
FreeBSD-Command-manager/cmd/network.go:149.57,152.4 2 0
FreeBSD-Command-manager/cmd/network.go:153.3,157.49 2 0
FreeBSD-Command-manager/cmd/network.go:157.49,159.4 1 0
FreeBSD-Command-manager/cmd/network.go:167.47,169.73 2 0
FreeBSD-Command-manager/cmd/network.go:169.73,172.4 2 0
FreeBSD-Command-manager/cmd/network.go:173.3,179.49 2 0
FreeBSD-Command-manager/cmd/network.go:179.49,181.4 1 0
FreeBSD-Command-manager/cmd/network.go:188.47,190.55 2 0
FreeBSD-Command-manager/cmd/network.go:190.55,193.4 2 0
FreeBSD-Command-manager/cmd/network.go:194.3,198.49 2 0
FreeBSD-Command-manager/cmd/network.go:198.49,200.4 1 0
FreeBSD-Command-manager/cmd/network.go:208.47,210.112 2 0
FreeBSD-Command-manager/cmd/network.go:210.112,213.4 2 0
FreeBSD-Command-manager/cmd/network.go:214.3,223.49 2 0
FreeBSD-Command-manager/cmd/network.go:223.49,225.4 1 0
FreeBSD-Command-manager/cmd/network.go:232.47,234.59 2 0
FreeBSD-Command-manager/cmd/network.go:234.59,237.4 2 0
FreeBSD-Command-manager/cmd/network.go:238.3,242.49 2 0
FreeBSD-Command-manager/cmd/network.go:242.49,244.4 1 0
FreeBSD-Command-manager/cmd/network.go:251.47,254.17 3 0
FreeBSD-Command-manager/cmd/network.go:254.17,257.4 2 0
FreeBSD-Command-manager/cmd/network.go:258.3,262.49 2 0
FreeBSD-Command-manager/cmd/network.go:262.49,264.4 1 0
FreeBSD-Command-manager/cmd/network.go:271.47,274.17 3 0
FreeBSD-Command-manager/cmd/network.go:274.17,277.4 2 0
FreeBSD-Command-manager/cmd/network.go:278.3,281.49 2 0
FreeBSD-Command-manager/cmd/network.go:281.49,283.4 1 0
FreeBSD-Command-manager/cmd/network.go:287.13,291.58 3 0
FreeBSD-Command-manager/cmd/network.go:291.58,294.3 2 0
FreeBSD-Command-manager/cmd/network.go:296.2,298.61 3 0
FreeBSD-Command-manager/cmd/network.go:298.61,301.3 2 0
FreeBSD-Command-manager/cmd/network.go:304.2,306.59 3 0
FreeBSD-Command-manager/cmd/network.go:306.59,309.3 2 0
FreeBSD-Command-manager/cmd/network.go:311.2,313.62 3 0
FreeBSD-Command-manager/cmd/network.go:313.62,316.3 2 0
FreeBSD-Command-manager/cmd/network.go:319.2,323.57 5 0
FreeBSD-Command-manager/cmd/network.go:323.57,326.3 2 0
FreeBSD-Command-manager/cmd/network.go:327.2,327.59 1 0
FreeBSD-Command-manager/cmd/network.go:327.59,330.3 2 0
FreeBSD-Command-manager/cmd/network.go:331.2,331.55 1 0
FreeBSD-Command-manager/cmd/network.go:331.55,334.3 2 0
FreeBSD-Command-manager/cmd/network.go:336.2,338.60 3 0
FreeBSD-Command-manager/cmd/network.go:338.60,341.3 2 0
FreeBSD-Command-manager/cmd/network.go:344.2,348.56 5 0
FreeBSD-Command-manager/cmd/network.go:348.56,351.3 2 0
FreeBSD-Command-manager/cmd/network.go:352.2,352.57 1 0
FreeBSD-Command-manager/cmd/network.go:352.57,355.3 2 0
FreeBSD-Command-manager/cmd/network.go:356.2,356.58 1 0
FreeBSD-Command-manager/cmd/network.go:356.58,359.3 2 0
FreeBSD-Command-manager/cmd/network.go:361.2,363.59 3 0
FreeBSD-Command-manager/cmd/network.go:363.59,366.3 2 0
FreeBSD-Command-manager/cmd/network.go:369.2,376.58 8 0
FreeBSD-Command-manager/cmd/network.go:376.58,379.3 2 0
FreeBSD-Command-manager/cmd/network.go:380.2,380.59 1 0
FreeBSD-Command-manager/cmd/network.go:380.59,383.3 2 0
FreeBSD-Command-manager/cmd/network.go:384.2,384.60 1 0
FreeBSD-Command-manager/cmd/network.go:384.60,387.3 2 0
FreeBSD-Command-manager/cmd/network.go:388.2,388.57 1 0
FreeBSD-Command-manager/cmd/network.go:388.57,391.3 2 0
FreeBSD-Command-manager/cmd/network.go:393.2,395.61 3 0
FreeBSD-Command-manager/cmd/network.go:395.61,398.3 2 0
FreeBSD-Command-manager/cmd/network.go:401.2,405.64 4 0
FreeBSD-Command-manager/cmd/network.go:405.64,408.3 2 0
FreeBSD-Command-manager/cmd/network.go:410.2,410.28 1 0
FreeBSD-Command-manager/main.go:14.13,16.2 1 0
FreeBSD-Command-manager/pkg/ifconfig/ifconfig_parser.go:54.42,63.29 7 1
FreeBSD-Command-manager/pkg/ifconfig/ifconfig_parser.go:63.29,66.31 2 29
FreeBSD-Command-manager/pkg/ifconfig/ifconfig_parser.go:66.31,67.26 1 4
FreeBSD-Command-manager/pkg/ifconfig/ifconfig_parser.go:67.26,71.5 3 3
FreeBSD-Command-manager/pkg/ifconfig/ifconfig_parser.go:72.4,74.12 3 4
FreeBSD-Command-manager/pkg/ifconfig/ifconfig_parser.go:77.3,77.25 1 25
FreeBSD-Command-manager/pkg/ifconfig/ifconfig_parser.go:77.25,78.12 1 0
FreeBSD-Command-manager/pkg/ifconfig/ifconfig_parser.go:81.3,84.31 4 25
FreeBSD-Command-manager/pkg/ifconfig/ifconfig_parser.go:87.2,87.24 1 1
FreeBSD-Command-manager/pkg/ifconfig/ifconfig_parser.go:87.24,91.3 3 1
FreeBSD-Command-manager/pkg/ifconfig/ifconfig_parser.go:93.2,93.15 1 1
FreeBSD-Command-manager/pkg/ifconfig/ifconfig_parser.go:96.43,98.2 1 29
FreeBSD-Command-manager/pkg/ifconfig/ifconfig_parser.go:100.47,102.20 2 4
FreeBSD-Command-manager/pkg/ifconfig/ifconfig_parser.go:102.20,104.3 1 4
FreeBSD-Command-manager/pkg/ifconfig/ifconfig_parser.go:105.2,105.11 1 0
FreeBSD-Command-manager/pkg/ifconfig/ifconfig_parser.go:108.73,109.38 1 4
FreeBSD-Command-manager/pkg/ifconfig/ifconfig_parser.go:109.38,111.3 1 4
FreeBSD-Command-manager/pkg/ifconfig/ifconfig_parser.go:112.2,112.8 1 4
FreeBSD-Command-manager/pkg/ifconfig/ifconfig_parser.go:115.103,116.53 1 25
FreeBSD-Command-manager/pkg/ifconfig/ifconfig_parser.go:116.53,118.3 1 0
FreeBSD-Command-manager/pkg/ifconfig/ifconfig_parser.go:119.2,119.38 1 25
FreeBSD-Command-manager/pkg/ifconfig/ifconfig_parser.go:119.38,121.3 1 2
FreeBSD-Command-manager/pkg/ifconfig/ifconfig_parser.go:122.2,122.39 1 25
FreeBSD-Command-manager/pkg/ifconfig/ifconfig_parser.go:122.39,124.3 1 3
FreeBSD-Command-manager/pkg/ifconfig/ifconfig_parser.go:125.2,125.29 1 25
FreeBSD-Command-manager/pkg/ifconfig/ifconfig_parser.go:128.47,129.38 1 25
FreeBSD-Command-manager/pkg/ifconfig/ifconfig_parser.go:129.38,131.35 2 3
FreeBSD-Command-manager/pkg/ifconfig/ifconfig_parser.go:131.35,132.67 1 3
FreeBSD-Command-manager/pkg/ifconfig/ifconfig_parser.go:132.67,134.5 1 3
FreeBSD-Command-manager/pkg/ifconfig/ifconfig_parser.go:139.48,140.73 1 25
FreeBSD-Command-manager/pkg/ifconfig/ifconfig_parser.go:140.73,142.35 2 2
FreeBSD-Command-manager/pkg/ifconfig/ifconfig_parser.go:142.35,144.36 2 2
FreeBSD-Command-manager/pkg/ifconfig/ifconfig_parser.go:144.36,146.81 2 2
FreeBSD-Command-manager/pkg/ifconfig/ifconfig_parser.go:146.81,148.65 2 2
FreeBSD-Command-manager/pkg/ifconfig/ifconfig_parser.go:148.65,149.65 1 2
FreeBSD-Command-manager/pkg/ifconfig/ifconfig_parser.go:149.65,151.8 1 2
FreeBSD-Command-manager/pkg/ifconfig/ifconfig_parser.go:154.5,154.54 1 2
FreeBSD-Command-manager/pkg/ifconfig/ifconfig_parser.go:160.48,161.38 1 25
FreeBSD-Command-manager/pkg/ifconfig/ifconfig_parser.go:161.38,163.35 2 3
FreeBSD-Command-manager/pkg/ifconfig/ifconfig_parser.go:163.35,165.51 2 3
FreeBSD-Command-manager/pkg/ifconfig/ifconfig_parser.go:165.51,167.5 1 2
FreeBSD-Command-manager/pkg/ifconfig/ifconfig_parser.go:168.4,169.56 2 3
FreeBSD-Command-manager/pkg/ifconfig/ifconfig_parser.go:169.56,171.85 2 3
FreeBSD-Command-manager/pkg/ifconfig/ifconfig_parser.go:171.85,173.25 2 3
FreeBSD-Command-manager/pkg/ifconfig/ifconfig_parser.go:173.25,175.7 1 3
FreeBSD-Command-manager/pkg/ifconfig/ifconfig_parser.go:177.5,177.54 1 3
FreeBSD-Command-manager/pkg/ifconfig/ifconfig_parser.go:183.65,184.23 1 4
FreeBSD-Command-manager/pkg/ifconfig/ifconfig_parser.go:184.23,186.3 1 1
FreeBSD-Command-manager/pkg/ifconfig/ifconfig_parser.go:187.2,187.21 1 3
FreeBSD-Command-manager/pkg/ifconfig/ifconfig_parser.go:187.21,189.3 1 0
FreeBSD-Command-manager/pkg/ifconfig/ifconfig_parser.go:190.2,190.27 1 3
FreeBSD-Command-manager/pkg/ifconfig/ifconfig_parser.go:190.27,192.3 1 2
FreeBSD-Command-manager/pkg/ifconfig/ifconfig_parser.go:193.2,193.20 1 1
FreeBSD-Command-manager/pkg/ifconfig/ifconfig_parser.go:193.20,195.3 1 0
FreeBSD-Command-manager/pkg/ifconfig/ifconfig_parser.go:196.2,196.19 1 1
FreeBSD-Command-manager/pkg/ifconfig/ifconfig_parser.go:196.19,198.3 1 0
FreeBSD-Command-manager/pkg/ifconfig/ifconfig_parser.go:199.2,199.18 1 1
FreeBSD-Command-manager/pkg/ifconfig/ifconfig_parser.go:199.18,201.3 1 0
FreeBSD-Command-manager/pkg/ifconfig/ifconfig_parser.go:202.2,202.23 1 1
FreeBSD-Command-manager/pkg/ifconfig/ifconfig_parser.go:202.23,204.3 1 0
FreeBSD-Command-manager/pkg/ifconfig/ifconfig_parser.go:205.2,205.23 1 1
FreeBSD-Command-manager/pkg/ifconfig/ifconfig_parser.go:205.23,207.3 1 1
FreeBSD-Command-manager/pkg/ifconfig/ifconfig_parser.go:208.2,208.21 1 0
FreeBSD-Command-manager/pkg/ifconfig/ifconfig_parser.go:208.21,210.3 1 0
FreeBSD-Command-manager/pkg/ifconfig/ifconfig_parser.go:211.2,211.18 1 0
FreeBSD-Command-manager/pkg/ifconfig/ifconfig_parser.go:211.18,213.3 1 0
FreeBSD-Command-manager/pkg/ifconfig/ifconfig_parser.go:214.2,214.18 1 0
FreeBSD-Command-manager/pkg/ifconfig/ifconfig_parser.go:214.18,216.3 1 0
FreeBSD-Command-manager/pkg/ifconfig/ifconfig_parser.go:217.2,217.18 1 0
FreeBSD-Command-manager/pkg/ifconfig/ifconfig_parser.go:217.18,219.3 1 0
FreeBSD-Command-manager/pkg/ifconfig/ifconfig_parser.go:220.2,220.18 1 0
FreeBSD-Command-manager/pkg/ifconfig/ifconfig_parser.go:220.18,222.3 1 0
FreeBSD-Command-manager/pkg/ifconfig/ifconfig_parser.go:223.2,223.18 1 0
FreeBSD-Command-manager/pkg/ifconfig/ifconfig_parser.go:223.18,225.3 1 0
FreeBSD-Command-manager/pkg/ifconfig/ifconfig_parser.go:226.2,226.16 1 0
FreeBSD-Command-manager/pkg/ifconfig/ifconfig_parser.go:229.36,231.2 1 4
FreeBSD-Command-manager/pkg/ifconfig/ifconfig_parser.go:233.34,235.2 1 3
FreeBSD-Command-manager/pkg/ifconfig/ifconfig_parser.go:237.40,239.2 1 3
FreeBSD-Command-manager/pkg/ifconfig/ifconfig_parser.go:241.33,243.2 1 1
FreeBSD-Command-manager/pkg/ifconfig/ifconfig_parser.go:245.32,247.2 1 1
FreeBSD-Command-manager/pkg/ifconfig/ifconfig_parser.go:249.31,251.2 1 1
FreeBSD-Command-manager/pkg/ifconfig/ifconfig_parser.go:253.36,255.2 1 1
FreeBSD-Command-manager/pkg/ifconfig/ifconfig_parser.go:257.36,259.2 1 1
FreeBSD-Command-manager/pkg/ifconfig/ifconfig_parser.go:261.34,263.2 1 0
FreeBSD-Command-manager/pkg/ifconfig/ifconfig_parser.go:265.31,267.2 1 0
FreeBSD-Command-manager/pkg/ifconfig/ifconfig_parser.go:269.31,271.2 1 0
FreeBSD-Command-manager/pkg/ifconfig/ifconfig_parser.go:273.31,275.2 1 0
FreeBSD-Command-manager/pkg/ifconfig/ifconfig_parser.go:277.31,279.2 1 0
FreeBSD-Command-manager/pkg/ifconfig/ifconfig_parser.go:281.31,283.2 1 0
FreeBSD-Command-manager/pkg/ifconfig/ifconfig_parser.go:285.52,286.40 1 4
FreeBSD-Command-manager/pkg/ifconfig/ifconfig_parser.go:286.40,288.3 1 3
FreeBSD-Command-manager/pkg/ifconfig/ifconfig_parser.go:289.2,289.19 1 1
FreeBSD-Command-manager/pkg/ifconfig/ifconfig_parser.go:292.46,294.16 2 2
FreeBSD-Command-manager/pkg/ifconfig/ifconfig_parser.go:294.16,296.3 1 0
FreeBSD-Command-manager/pkg/ifconfig/ifconfig_parser.go:298.2,299.18 2 2
FreeBSD-Command-manager/pkg/ifconfig/ifconfig_parser.go:299.18,302.3 2 8
FreeBSD-Command-manager/pkg/ifconfig/ifconfig_parser.go:304.2,304.17 1 2
FreeBSD-Command-manager/internal/jail/manager.go:60.102,65.2 1 15
FreeBSD-Command-manager/internal/jail/manager.go:68.55,70.54 1 5
FreeBSD-Command-manager/internal/jail/manager.go:70.54,72.3 1 1
FreeBSD-Command-manager/internal/jail/manager.go:75.2,75.57 1 4
FreeBSD-Command-manager/internal/jail/manager.go:75.57,77.3 1 1
FreeBSD-Command-manager/internal/jail/manager.go:80.2,80.21 1 3
FreeBSD-Command-manager/internal/jail/manager.go:80.21,81.64 1 0
FreeBSD-Command-manager/internal/jail/manager.go:81.64,83.4 1 0
FreeBSD-Command-manager/internal/jail/manager.go:87.2,93.16 2 3
FreeBSD-Command-manager/internal/jail/manager.go:93.16,95.3 1 1
FreeBSD-Command-manager/internal/jail/manager.go:97.2,97.12 1 2
FreeBSD-Command-manager/internal/jail/manager.go:101.55,102.16 1 4
FreeBSD-Command-manager/internal/jail/manager.go:102.16,104.3 1 1
FreeBSD-Command-manager/internal/jail/manager.go:106.2,107.16 2 3
FreeBSD-Command-manager/internal/jail/manager.go:107.16,109.3 1 1
FreeBSD-Command-manager/internal/jail/manager.go:111.2,111.12 1 2
FreeBSD-Command-manager/internal/jail/manager.go:115.54,116.16 1 8
FreeBSD-Command-manager/internal/jail/manager.go:116.16,118.3 1 1
FreeBSD-Command-manager/internal/jail/manager.go:120.2,121.16 2 7
FreeBSD-Command-manager/internal/jail/manager.go:121.16,123.3 1 2
FreeBSD-Command-manager/internal/jail/manager.go:125.2,125.12 1 5
FreeBSD-Command-manager/internal/jail/manager.go:129.57,130.16 1 5
FreeBSD-Command-manager/internal/jail/manager.go:130.16,132.3 1 1
FreeBSD-Command-manager/internal/jail/manager.go:135.2,135.37 1 4
FreeBSD-Command-manager/internal/jail/manager.go:135.37,138.3 1 1
FreeBSD-Command-manager/internal/jail/manager.go:141.2,142.16 2 4
FreeBSD-Command-manager/internal/jail/manager.go:142.16,144.3 1 1
FreeBSD-Command-manager/internal/jail/manager.go:146.2,146.12 1 3
FreeBSD-Command-manager/internal/jail/manager.go:150.53,152.16 2 0
FreeBSD-Command-manager/internal/jail/manager.go:152.16,154.3 1 0
FreeBSD-Command-manager/internal/jail/manager.go:156.2,159.19 2 0
FreeBSD-Command-manager/internal/jail/manager.go:163.66,164.16 1 0
FreeBSD-Command-manager/internal/jail/manager.go:164.16,166.3 1 0
FreeBSD-Command-manager/internal/jail/manager.go:168.2,169.16 2 0
FreeBSD-Command-manager/internal/jail/manager.go:169.16,171.3 1 0
FreeBSD-Command-manager/internal/jail/manager.go:173.2,179.18 2 0
FreeBSD-Command-manager/internal/jail/manager.go:186.56,188.2 1 0
FreeBSD-Command-manager/internal/jail/manager.go:191.63,192.49 1 0
FreeBSD-Command-manager/internal/jail/manager.go:192.49,193.72 1 0
FreeBSD-Command-manager/internal/jail/manager.go:193.72,195.4 1 0
FreeBSD-Command-manager/internal/jail/manager.go:197.2,197.12 1 0
FreeBSD-Command-manager/internal/jail/manager.go:201.68,203.50 2 0
FreeBSD-Command-manager/internal/jail/manager.go:203.50,205.3 1 0
FreeBSD-Command-manager/internal/jail/manager.go:206.2,206.12 1 0
FreeBSD-Command-manager/internal/jail/manager.go:210.62,212.50 2 0
FreeBSD-Command-manager/internal/jail/manager.go:212.50,214.3 1 0
FreeBSD-Command-manager/internal/jail/manager.go:215.2,215.12 1 0
FreeBSD-Command-manager/internal/jail/manager.go:222.52,224.2 1 0
FreeBSD-Command-manager/internal/jail/manager.go:227.84,230.16 3 0
FreeBSD-Command-manager/internal/jail/manager.go:230.16,232.3 1 0
FreeBSD-Command-manager/internal/jail/manager.go:233.2,233.28 1 0
FreeBSD-Command-manager/internal/jail/manager.go:237.31,241.2 3 0
FreeBSD-Command-manager/internal/jail/testing.go:26.63,30.2 3 4
FreeBSD-Command-manager/internal/jail/testing.go:32.68,37.2 4 0
FreeBSD-Command-manager/internal/jail/testing.go:39.62,43.2 3 0
FreeBSD-Command-manager/internal/jail/testing.go:54.84,59.2 4 11
FreeBSD-Command-manager/internal/jail/testing.go:70.86,75.19 3 6
FreeBSD-Command-manager/internal/jail/testing.go:75.19,77.3 1 6
FreeBSD-Command-manager/internal/jail/testing.go:78.2,81.42 2 6
FreeBSD-Command-manager/internal/jail/testing.go:81.42,82.18 1 6
FreeBSD-Command-manager/internal/jail/testing.go:83.15,84.38 1 0
FreeBSD-Command-manager/internal/jail/testing.go:85.18,86.43 1 0
FreeBSD-Command-manager/internal/jail/testing.go:87.16,88.30 1 0
FreeBSD-Command-manager/internal/jail/testing.go:89.17,90.30 1 0
FreeBSD-Command-manager/internal/jail/testing.go:91.15,92.37 1 0
FreeBSD-Command-manager/internal/jail/testing.go:93.15,94.34 1 0
FreeBSD-Command-manager/internal/jail/testing.go:95.13,98.23 1 6
FreeBSD-Command-manager/internal/jail/testing.go:98.23,101.5 1 6
FreeBSD-Command-manager/internal/jail/testing.go:101.10,103.25 1 0
FreeBSD-Command-manager/internal/jail/testing.go:103.25,105.6 1 0
FreeBSD-Command-manager/internal/jail/testing.go:106.5,106.44 1 0
FreeBSD-Command-manager/internal/jail/testing.go:112.2,112.50 1 0
FreeBSD-Command-manager/internal/jail/testing.go:116.83,118.2 1 0
FreeBSD-Command-manager/internal/jail/testing.go:121.31,125.2 3 1
FreeBSD-Command-manager/internal/network/bareos/basic.go:8.54,9.16 1 3
FreeBSD-Command-manager/internal/network/bareos/basic.go:9.16,11.3 1 1
FreeBSD-Command-manager/internal/network/bareos/basic.go:13.2,14.16 2 2
FreeBSD-Command-manager/internal/network/bareos/basic.go:14.16,16.3 1 0
FreeBSD-Command-manager/internal/network/bareos/basic.go:19.2,20.16 2 2
FreeBSD-Command-manager/internal/network/bareos/basic.go:20.16,22.3 1 0
FreeBSD-Command-manager/internal/network/bareos/basic.go:24.2,24.12 1 2
FreeBSD-Command-manager/internal/network/bareos/basic.go:28.54,29.16 1 5
FreeBSD-Command-manager/internal/network/bareos/basic.go:29.16,31.3 1 1
FreeBSD-Command-manager/internal/network/bareos/basic.go:33.2,34.16 2 4
FreeBSD-Command-manager/internal/network/bareos/basic.go:34.16,36.3 1 0
FreeBSD-Command-manager/internal/network/bareos/basic.go:38.2,38.12 1 4
FreeBSD-Command-manager/internal/network/bareos/bridge.go:8.51,11.16 2 2
FreeBSD-Command-manager/internal/network/bareos/bridge.go:11.16,13.3 1 0
FreeBSD-Command-manager/internal/network/bareos/bridge.go:16.2,17.16 2 2
FreeBSD-Command-manager/internal/network/bareos/bridge.go:17.16,19.3 1 0
FreeBSD-Command-manager/internal/network/bareos/bridge.go:21.2,21.16 1 2
FreeBSD-Command-manager/internal/network/bareos/bridge.go:21.16,24.17 2 1
FreeBSD-Command-manager/internal/network/bareos/bridge.go:24.17,26.4 1 0
FreeBSD-Command-manager/internal/network/bareos/bridge.go:29.2,29.12 1 2
FreeBSD-Command-manager/internal/network/bareos/bridge.go:33.51,34.16 1 0
FreeBSD-Command-manager/internal/network/bareos/bridge.go:34.16,36.3 1 0
FreeBSD-Command-manager/internal/network/bareos/bridge.go:38.2,38.32 1 0
FreeBSD-Command-manager/internal/network/bareos/gre.go:8.63,9.18 1 4
FreeBSD-Command-manager/internal/network/bareos/gre.go:9.18,11.3 1 1
FreeBSD-Command-manager/internal/network/bareos/gre.go:12.2,12.17 1 3
FreeBSD-Command-manager/internal/network/bareos/gre.go:12.17,14.3 1 1
FreeBSD-Command-manager/internal/network/bareos/gre.go:17.2,18.16 2 2
FreeBSD-Command-manager/internal/network/bareos/gre.go:18.16,20.3 1 0
FreeBSD-Command-manager/internal/network/bareos/gre.go:23.2,24.16 2 2
FreeBSD-Command-manager/internal/network/bareos/gre.go:24.16,26.3 1 0
FreeBSD-Command-manager/internal/network/bareos/gre.go:29.2,30.16 2 2
FreeBSD-Command-manager/internal/network/bareos/gre.go:30.16,32.3 1 0
FreeBSD-Command-manager/internal/network/bareos/gre.go:34.2,34.16 1 2
FreeBSD-Command-manager/internal/network/bareos/gre.go:34.16,37.17 2 1
FreeBSD-Command-manager/internal/network/bareos/gre.go:37.17,39.4 1 0
FreeBSD-Command-manager/internal/network/bareos/gre.go:42.2,42.12 1 2
FreeBSD-Command-manager/internal/network/bareos/gre.go:46.48,47.16 1 2
FreeBSD-Command-manager/internal/network/bareos/gre.go:47.16,49.3 1 1
FreeBSD-Command-manager/internal/network/bareos/gre.go:51.2,51.32 1 1
FreeBSD-Command-manager/internal/network/bareos/manager.go:46.51,50.2 1 34
FreeBSD-Command-manager/internal/network/bareos/manager.go:53.51,55.16 2 1
FreeBSD-Command-manager/internal/network/bareos/manager.go:55.16,57.3 1 0
FreeBSD-Command-manager/internal/network/bareos/manager.go:58.2,58.44 1 1
FreeBSD-Command-manager/internal/network/bareos/manager.go:62.64,63.16 1 2
FreeBSD-Command-manager/internal/network/bareos/manager.go:63.16,65.3 1 1
FreeBSD-Command-manager/internal/network/bareos/manager.go:66.2,67.16 2 1
FreeBSD-Command-manager/internal/network/bareos/manager.go:67.16,69.3 1 0
FreeBSD-Command-manager/internal/network/bareos/manager.go:70.2,71.21 2 1
FreeBSD-Command-manager/internal/network/bareos/manager.go:71.21,73.3 1 0
FreeBSD-Command-manager/internal/network/bareos/manager.go:74.2,74.23 1 1
FreeBSD-Command-manager/internal/network/bareos/manager.go:81.52,83.2 1 0
FreeBSD-Command-manager/internal/network/bareos/manager.go:86.84,90.2 3 0
FreeBSD-Command-manager/internal/network/bareos/manager.go:93.40,96.2 2 0
FreeBSD-Command-manager/internal/network/bareos/testing.go:11.52,17.2 1 35
FreeBSD-Command-manager/internal/network/bareos/testing.go:20.84,23.27 2 42
FreeBSD-Command-manager/internal/network/bareos/testing.go:23.27,25.3 1 116
FreeBSD-Command-manager/internal/network/bareos/testing.go:26.2,29.45 2 42
FreeBSD-Command-manager/internal/network/bareos/testing.go:29.45,31.3 1 1
FreeBSD-Command-manager/internal/network/bareos/testing.go:34.2,34.49 1 41
FreeBSD-Command-manager/internal/network/bareos/testing.go:34.49,36.3 1 32
FreeBSD-Command-manager/internal/network/bareos/testing.go:38.2,38.16 1 9
FreeBSD-Command-manager/internal/network/bareos/testing.go:42.65,44.2 1 32
FreeBSD-Command-manager/internal/network/bareos/testing.go:47.67,49.2 1 1
FreeBSD-Command-manager/internal/network/bareos/testing.go:52.54,54.2 1 24
FreeBSD-Command-manager/internal/network/bareos/testing.go:57.47,59.2 1 1
FreeBSD-Command-manager/internal/network/bareos/testing.go:62.40,65.2 2 1
FreeBSD-Command-manager/internal/network/bareos/testing.go:68.75,70.2 1 0
FreeBSD-Command-manager/internal/network/bareos/vlan.go:8.69,9.18 1 5
FreeBSD-Command-manager/internal/network/bareos/vlan.go:9.18,11.3 1 1
FreeBSD-Command-manager/internal/network/bareos/vlan.go:12.2,12.33 1 4
FreeBSD-Command-manager/internal/network/bareos/vlan.go:12.33,14.3 1 2
FreeBSD-Command-manager/internal/network/bareos/vlan.go:17.2,18.16 2 2
FreeBSD-Command-manager/internal/network/bareos/vlan.go:18.16,20.3 1 0
FreeBSD-Command-manager/internal/network/bareos/vlan.go:23.2,24.16 2 2
FreeBSD-Command-manager/internal/network/bareos/vlan.go:24.16,26.3 1 0
FreeBSD-Command-manager/internal/network/bareos/vlan.go:29.2,30.16 2 2
FreeBSD-Command-manager/internal/network/bareos/vlan.go:30.16,32.3 1 0
FreeBSD-Command-manager/internal/network/bareos/vlan.go:34.2,34.16 1 2
FreeBSD-Command-manager/internal/network/bareos/vlan.go:34.16,37.17 2 1
FreeBSD-Command-manager/internal/network/bareos/vlan.go:37.17,39.4 1 0
FreeBSD-Command-manager/internal/network/bareos/vlan.go:42.2,42.12 1 2
FreeBSD-Command-manager/internal/network/bareos/vlan.go:46.49,47.16 1 2
FreeBSD-Command-manager/internal/network/bareos/vlan.go:47.16,49.3 1 1
FreeBSD-Command-manager/internal/network/bareos/vlan.go:51.2,51.32 1 1
FreeBSD-Command-manager/internal/network/bareos/vxlan.go:10.90,11.17 1 9
FreeBSD-Command-manager/internal/network/bareos/vxlan.go:11.17,13.3 1 1
FreeBSD-Command-manager/internal/network/bareos/vxlan.go:14.2,14.18 1 8
FreeBSD-Command-manager/internal/network/bareos/vxlan.go:14.18,16.3 1 1
FreeBSD-Command-manager/internal/network/bareos/vxlan.go:17.2,17.39 1 7
FreeBSD-Command-manager/internal/network/bareos/vxlan.go:17.39,19.3 1 2
FreeBSD-Command-manager/internal/network/bareos/vxlan.go:22.2,22.31 1 5
FreeBSD-Command-manager/internal/network/bareos/vxlan.go:22.31,24.3 1 1
FreeBSD-Command-manager/internal/network/bareos/vxlan.go:25.2,25.32 1 4
FreeBSD-Command-manager/internal/network/bareos/vxlan.go:25.32,27.3 1 1
FreeBSD-Command-manager/internal/network/bareos/vxlan.go:30.2,31.16 2 3
FreeBSD-Command-manager/internal/network/bareos/vxlan.go:31.16,33.3 1 0
FreeBSD-Command-manager/internal/network/bareos/vxlan.go:36.2,39.17 2 3
FreeBSD-Command-manager/internal/network/bareos/vxlan.go:39.17,41.3 1 1
FreeBSD-Command-manager/internal/network/bareos/vxlan.go:42.2,42.15 1 3
FreeBSD-Command-manager/internal/network/bareos/vxlan.go:42.15,44.3 1 1
FreeBSD-Command-manager/internal/network/bareos/vxlan.go:47.2,48.16 2 3
FreeBSD-Command-manager/internal/network/bareos/vxlan.go:48.16,50.3 1 0
FreeBSD-Command-manager/internal/network/bareos/vxlan.go:53.2,54.16 2 3
FreeBSD-Command-manager/internal/network/bareos/vxlan.go:54.16,56.3 1 0
FreeBSD-Command-manager/internal/network/bareos/vxlan.go:58.2,58.16 1 3
FreeBSD-Command-manager/internal/network/bareos/vxlan.go:58.16,61.17 2 2
FreeBSD-Command-manager/internal/network/bareos/vxlan.go:61.17,63.4 1 0
FreeBSD-Command-manager/internal/network/bareos/vxlan.go:66.2,66.12 1 3
FreeBSD-Command-manager/internal/network/bareos/vxlan.go:70.50,71.16 1 2
FreeBSD-Command-manager/internal/network/bareos/vxlan.go:71.16,73.3 1 1
FreeBSD-Command-manager/internal/network/bareos/vxlan.go:75.2,75.32 1 1
